9/17/2024 10:49:09 PM - Patch My PC Started
9/17/2024 10:49:09 PM - Checking connection to patchmypc.com
9/17/2024 10:49:11 PM - Verified connection to patchmypc.com. Status Code: 200
9/17/2024 10:49:11 PM - Getting latest definitions from patchmypc.com
9/17/2024 10:49:11 PM - Definition load completed in: 0.75 seconds
9/17/2024 10:49:12 PM - Microsoft.Win32.TaskScheduler.dll not found in Global Assembly Cache
9/17/2024 10:49:12 PM - Downloading: https://patchmypc.com/freeupdater/applications/taskscheduler/gacutil.exe to C:\Users\j1nh0\AppData\Roaming\PatchMyPC\gacutil.exe
9/17/2024 10:49:12 PM - Patch My PC version 4.5.0.4 is running. The latest is 4.5.0.4
9/17/2024 10:49:12 PM - Downloading: https://patchmypc.com/freeupdater/applications/taskscheduler/gacutil.exe.config to C:\Users\j1nh0\AppData\Roaming\PatchMyPC\gacutil.exe.config
9/17/2024 10:49:12 PM - Performing scan of installed applications
9/17/2024 10:49:12 PM - Downloading: https://patchmypc.com/freeupdater/applications/taskscheduler/gacutlrc.dll to C:\Users\j1nh0\AppData\Roaming\PatchMyPC\1033\gacutlrc.dll
9/17/2024 10:49:12 PM - Downloading: https://patchmypc.com/freeupdater/applications/taskschedulerv4.0/Microsoft.Win32.TaskScheduler.dll to C:\Users\j1nh0\AppData\Roaming\PatchMyPC\Microsoft.Win32.TaskScheduler.dll
9/17/2024 10:49:13 PM - Running: C:\Users\j1nh0\AppData\Roaming\PatchMyPC\gacutil.exe /i C:\Users\j1nh0\AppData\Roaming\PatchMyPC\Microsoft.Win32.TaskScheduler.dll
9/17/2024 10:49:15 PM - Scan completed in: 2.73 seconds
9/17/2024 10:51:13 PM - Patch My PC 4.5.0.4 | Definitions: 17-September-2024 | 9/17/2024 10:51:13 PM

9/17/2024 10:51:13 PM - OS: Microsoft Windows 11 Pro x64

9/17/2024 10:51:13 PM - 16 App(s) to install or update...
9/17/2024 10:51:14 PM - Download URL: https://github.com/ip7z/7zip/releases/download/24.08/7z2408-x64.msi
9/17/2024 10:51:14 PM - Download Path: C:\PatchMyPCUpdates\7-Zip 24.08 (x64).msi
9/17/2024 10:51:14 PM - Download size: 1.88 MB
9/17/2024 10:51:14 PM - Download Starting for: https://github.com/ip7z/7zip/releases/download/24.08/7z2408-x64.msi
9/17/2024 10:51:14 PM - Downloading:  7-Zip 24.08 (x64) (1.88 MB)
9/17/2024 10:51:15 PM - Total download time in seconds: 0.66
9/17/2024 10:51:15 PM - Install Command: /qn REBOOT=REALLYSUPPRESS MSIRMSHUTDOWN=2
9/17/2024 10:51:15 PM -  7-Zip 24.08 (x64) Downloaded Successfully

9/17/2024 10:51:15 PM -  Silently install 7-Zip 24.08 (x64)
9/17/2024 10:51:16 PM -  Install Successful for 7-Zip 24.08 (x64)
9/17/2024 10:51:16 PM - Deleted file: C:\PatchMyPCUpdates\7-Zip 24.08 (x64).msi
9/17/2024 10:51:17 PM - Download URL: https://ardownload2.adobe.com/pub/adobe/reader/win/AcrobatDC/2400320112/AcroRdrDC2400320112_en_US.exe
9/17/2024 10:51:17 PM - Download Path: C:\PatchMyPCUpdates\Acrobat Reader DC 24.003.20112.exe
9/17/2024 10:51:17 PM - Downloading:  Acrobat Reader DC 24.003.20112 (339.94 MB)
9/17/2024 10:51:17 PM - Download Starting for: https://ardownload2.adobe.com/pub/adobe/reader/win/AcrobatDC/2400320112/AcroRdrDC2400320112_en_US.exe
9/17/2024 10:51:17 PM - F:\wind\papps\PortableApps\PatchMyPC\PatchMyPC.ini does not exist. Downloading template.
9/17/2024 10:51:56 PM - Total download time in seconds: 39.71
9/17/2024 10:51:56 PM - Install Command: /sAll /rs /rps /norestart ALLUSERS=1 EULA_ACCEPT=YES
9/17/2024 10:51:56 PM -  Acrobat Reader DC 24.003.20112 Downloaded Successfully

9/17/2024 10:51:56 PM -  Silently install Acrobat Reader DC 24.003.20112
9/17/2024 10:58:43 PM - Unable to delete: C:\PatchMyPCUpdates\Acrobat Reader DC 24.003.20112.exe file may be in use
9/17/2024 10:58:43 PM -  Install Successful for Acrobat Reader DC 24.003.20112
9/17/2024 10:58:45 PM - Download URL: https://download.anydesk.com/AnyDesk.exe
9/17/2024 10:58:45 PM - Download Path: C:\PatchMyPCUpdates\AnyDesk 8.0.14.exe
9/17/2024 10:58:45 PM - Download size: 5.12 MB
9/17/2024 10:58:45 PM - Download Starting for: https://download.anydesk.com/AnyDesk.exe
9/17/2024 10:58:45 PM - Downloading:  AnyDesk 8.0.14 (5.12 MB)
9/17/2024 10:58:55 PM - Total download time in seconds: 10.36
9/17/2024 10:58:55 PM - Install Command: --install "C:\Program Files\AnyDesk"
9/17/2024 10:58:55 PM -  AnyDesk 8.0.14 Downloaded Successfully

9/17/2024 10:58:55 PM -  Silently install AnyDesk 8.0.14
9/17/2024 10:59:47 PM -  Install Successful for AnyDesk 8.0.14
9/17/2024 10:59:47 PM - Deleted file: C:\PatchMyPCUpdates\AnyDesk 8.0.14.exe
9/17/2024 10:59:48 PM - Download URL: https://files.avast.com/iavs9x/avast_free_antivirus_setup_offline.exe
9/17/2024 10:59:48 PM - Download Path: C:\PatchMyPCUpdates\Avast Free Antivirus 24.8.exe
9/17/2024 10:59:48 PM - Downloading:  Avast Free Antivirus 24.8 (740.48 MB)
9/17/2024 10:59:48 PM - Download size: 740.48 MB
9/17/2024 10:59:48 PM - Download Starting for: https://files.avast.com/iavs9x/avast_free_antivirus_setup_offline.exe
9/17/2024 11:02:19 PM - Total download time in seconds: 151.38
9/17/2024 11:02:19 PM - Install Command: /silent
9/17/2024 11:02:19 PM -  Avast Free Antivirus 24.8 Downloaded Successfully

9/17/2024 11:02:19 PM -  Silently install Avast Free Antivirus 24.8
9/17/2024 11:08:40 PM - Unable to delete: C:\PatchMyPCUpdates\Avast Free Antivirus 24.8.exe file may be in use
9/17/2024 11:08:41 PM - Download URL: https://download.bleachbit.org/BleachBit-4.6.0-setup.exe
9/17/2024 11:08:41 PM - Download Path: C:\PatchMyPCUpdates\BleachBit 4.6.exe
9/17/2024 11:08:41 PM - Download size: 11.33 MB
9/17/2024 11:08:41 PM - Download Starting for: https://download.bleachbit.org/BleachBit-4.6.0-setup.exe
9/17/2024 11:08:45 PM - Total download time in seconds: 3.44
9/17/2024 11:08:45 PM - Install Command: /S /allusers
9/17/2024 11:08:45 PM -  Silently install BleachBit 4.6
9/17/2024 11:09:51 PM - Deleted file: C:\PatchMyPCUpdates\BleachBit 4.6.exe
9/17/2024 11:09:51 PM -  Install Successful for BleachBit 4.6
9/17/2024 11:09:52 PM - Download URL: https://aka.ms/vs/17/release/vc_redist.x64.exe
9/17/2024 11:09:52 PM - Download Path: C:\PatchMyPCUpdates\C++ 2022 Redist. 14.40.33810.0 (x64).exe
9/17/2024 11:09:52 PM - Download size: 24.22 MB
9/17/2024 11:09:52 PM - Download Starting for: https://aka.ms/vs/17/release/vc_redist.x64.exe
9/17/2024 11:09:52 PM - Downloading:  C++ 2022 Redist. 14.40.33810.0 (x64) (24.22 MB)
9/17/2024 11:09:55 PM - Cancelling update process please wait...
9/17/2024 11:09:56 PM -  Download stopped due to cancel request
9/17/2024 11:09:56 PM -  Skipping install for C++ 2022 Redist. 14.40.33810.0 (x86) since update process Is cancelling
9/17/2024 11:09:56 PM -  Skipping install for GIMP 2.10.38 since update process Is cancelling
9/17/2024 11:09:56 PM -  Skipping install for Google Chrome 129.0.6668.59 (x64) since update process Is cancelling
9/17/2024 11:09:56 PM -  Skipping install for Inkscape 1.3.2 (x64) since update process Is cancelling
9/17/2024 11:09:56 PM -  Skipping install for Malwarebytes 4.6.17 since update process Is cancelling
9/17/2024 11:09:56 PM -  Skipping install for Mozilla Firefox 130.0.1 (x64) since update process Is cancelling
9/17/2024 11:09:56 PM -  Skipping install for Notepad++ 8.7 (x64) since update process Is cancelling
9/17/2024 11:09:56 PM -  Skipping install for OpenShot Video Editor 3.2.1 since update process Is cancelling
9/17/2024 11:09:56 PM -  Skipping install for Visual Studio Code 1.93.1 (x64) since update process Is cancelling
9/17/2024 11:09:56 PM -  Skipping install for VLC media player 3.0.21 (x64) since update process Is cancelling
9/17/2024 11:09:56 PM - Checking portable App path in: C:\Users\j1nh0\Desktop\PortableApps
9/17/2024 11:09:56 PM - 
Patch My PC Update Complete 9/17/2024 11:09:56 PM
